<?xml version="1.0" encoding="UTF-8" ?>
<testsuite tests="4" failures="0" name="TestSuite" time="17.494" errors="0" skipped="0">
  <properties>
    <property name="java.runtime.name" value="Java(TM) SE Runtime Environment"/>
    <property name="sun.boot.library.path" value="C:\Program Files\Java\jdk1.8.0_162\jre\bin"/>
    <property name="java.vm.version" value="25.162-b12"/>
    <property name="java.vm.vendor" value="Oracle Corporation"/>
    <property name="java.vendor.url" value="http://java.oracle.com/"/>
    <property name="path.separator" value=";"/>
    <property name="java.vm.name" value="Java HotSpot(TM) 64-Bit Server VM"/>
    <property name="file.encoding.pkg" value="sun.io"/>
    <property name="user.script" value=""/>
    <property name="user.country" value="CN"/>
    <property name="sun.java.launcher" value="SUN_STANDARD"/>
    <property name="sun.os.patch.level" value="Service Pack 1"/>
    <property name="java.vm.specification.name" value="Java Virtual Machine Specification"/>
    <property name="user.dir" value="D:\springTestApi\TestT"/>
    <property name="PID" value="22964"/>
    <property name="java.runtime.version" value="1.8.0_162-b12"/>
    <property name="java.awt.graphicsenv" value="sun.awt.Win32GraphicsEnvironment"/>
    <property name="basedir" value="D:\springTestApi\TestT"/>
    <property name="java.endorsed.dirs" value="C:\Program Files\Java\jdk1.8.0_162\jre\lib\endorsed"/>
    <property name="os.arch" value="amd64"/>
    <property name="org.jboss.logging.provider" value="slf4j"/>
    <property name="surefire.real.class.path" value="D:\springTestApi\TestT\target\surefire\surefirebooter1394707501632904864.jar"/>
    <property name="java.io.tmpdir" value="C:\Users\ADMINI~1.PC-\AppData\Local\Temp\"/>
    <property name="line.separator" value="
"/>
    <property name="java.vm.specification.vendor" value="Oracle Corporation"/>
    <property name="user.variant" value=""/>
    <property name="os.name" value="Windows 7"/>
    <property name="sun.jnu.encoding" value="GBK"/>
    <property name="java.library.path" value="C:\Program Files\Java\jdk1.8.0_162\jre\bin;C:\windows\Sun\Java\bin;C:\windows\system32;C:\windows;C:\Program Files\Java\jdk1.8.0_162\bin;D:\JAVA---COURSE\04JAVA ee\apache-tomcat-7.0.73-windows-x64\apache-tomcat-7.0.73\bin;C:\oraclexe\app\oracle\product\11.2.0\server\bin;C:\ProgramData\Oracle\Java\javapath;C:\windows\system32;C:\windows;C:\windows\System32\Wbem;C:\windows\System32\WindowsPowerShell\v1.0\;E:\mongodb\bin\;E:\github\Git\cmd;E:\java study softs\apache-maven-3.3.9\bin;C:\Users\Administrator.PC-20180417ZXVG\AppData\Local\GitHubDesktop\bin;."/>
    <property name="spring.beaninfo.ignore" value="true"/>
    <property name="surefire.test.class.path" value="D:\springTestApi\TestT\target\test-classes;D:\springTestApi\TestT\target\classes;C:\Users\Administrator.PC-20180417ZXVG\.m2\repository\org\springframework\boot\spring-boot-starter-web\1.5.3.RELEASE\spring-boot-starter-web-1.5.3.RELEASE.jar;C:\Users\Administrator.PC-20180417ZXVG\.m2\repository\org\springframework\boot\spring-boot-starter\1.5.3.RELEASE\spring-boot-starter-1.5.3.RELEASE.jar;C:\Users\Administrator.PC-20180417ZXVG\.m2\repository\org\springframework\boot\spring-boot\1.5.3.RELEASE\spring-boot-1.5.3.RELEASE.jar;C:\Users\Administrator.PC-20180417ZXVG\.m2\repository\org\springframework\boot\spring-boot-autoconfigure\1.5.3.RELEASE\spring-boot-autoconfigure-1.5.3.RELEASE.jar;C:\Users\Administrator.PC-20180417ZXVG\.m2\repository\org\springframework\boot\spring-boot-starter-logging\1.5.3.RELEASE\spring-boot-starter-logging-1.5.3.RELEASE.jar;C:\Users\Administrator.PC-20180417ZXVG\.m2\repository\ch\qos\logback\logback-classic\1.1.11\logback-classic-1.1.11.jar;C:\Users\Administrator.PC-20180417ZXVG\.m2\repository\ch\qos\logback\logback-core\1.1.11\logback-core-1.1.11.jar;C:\Users\Administrator.PC-20180417ZXVG\.m2\repository\org\slf4j\jcl-over-slf4j\1.7.25\jcl-over-slf4j-1.7.25.jar;C:\Users\Administrator.PC-20180417ZXVG\.m2\repository\org\slf4j\jul-to-slf4j\1.7.25\jul-to-slf4j-1.7.25.jar;C:\Users\Administrator.PC-20180417ZXVG\.m2\repository\org\slf4j\log4j-over-slf4j\1.7.25\log4j-over-slf4j-1.7.25.jar;C:\Users\Administrator.PC-20180417ZXVG\.m2\repository\org\yaml\snakeyaml\1.17\snakeyaml-1.17.jar;C:\Users\Administrator.PC-20180417ZXVG\.m2\repository\org\springframework\boot\spring-boot-starter-tomcat\1.5.3.RELEASE\spring-boot-starter-tomcat-1.5.3.RELEASE.jar;C:\Users\Administrator.PC-20180417ZXVG\.m2\repository\org\apache\tomcat\embed\tomcat-embed-core\8.5.14\tomcat-embed-core-8.5.14.jar;C:\Users\Administrator.PC-20180417ZXVG\.m2\repository\org\apache\tomcat\embed\tomcat-embed-el\8.5.14\tomcat-embed-el-8.5.14.jar;C:\Users\Administrator.PC-20180417ZXVG\.m2\repository\org\apache\tomcat\embed\tomcat-embed-websocket\8.5.14\tomcat-embed-websocket-8.5.14.jar;C:\Users\Administrator.PC-20180417ZXVG\.m2\repository\org\hibernate\hibernate-validator\5.3.5.Final\hibernate-validator-5.3.5.Final.jar;C:\Users\Administrator.PC-20180417ZXVG\.m2\repository\javax\validation\validation-api\1.1.0.Final\validation-api-1.1.0.Final.jar;C:\Users\Administrator.PC-20180417ZXVG\.m2\repository\org\jboss\logging\jboss-logging\3.3.1.Final\jboss-logging-3.3.1.Final.jar;C:\Users\Administrator.PC-20180417ZXVG\.m2\repository\com\fasterxml\jackson\core\jackson-databind\2.8.8\jackson-databind-2.8.8.jar;C:\Users\Administrator.PC-20180417ZXVG\.m2\repository\com\fasterxml\jackson\core\jackson-annotations\2.8.0\jackson-annotations-2.8.0.jar;C:\Users\Administrator.PC-20180417ZXVG\.m2\repository\com\fasterxml\jackson\core\jackson-core\2.8.8\jackson-core-2.8.8.jar;C:\Users\Administrator.PC-20180417ZXVG\.m2\repository\org\springframework\spring-web\4.3.8.RELEASE\spring-web-4.3.8.RELEASE.jar;C:\Users\Administrator.PC-20180417ZXVG\.m2\repository\org\springframework\spring-aop\4.3.8.RELEASE\spring-aop-4.3.8.RELEASE.jar;C:\Users\Administrator.PC-20180417ZXVG\.m2\repository\org\springframework\spring-beans\4.3.8.RELEASE\spring-beans-4.3.8.RELEASE.jar;C:\Users\Administrator.PC-20180417ZXVG\.m2\repository\org\springframework\spring-context\4.3.8.RELEASE\spring-context-4.3.8.RELEASE.jar;C:\Users\Administrator.PC-20180417ZXVG\.m2\repository\org\springframework\spring-webmvc\4.3.8.RELEASE\spring-webmvc-4.3.8.RELEASE.jar;C:\Users\Administrator.PC-20180417ZXVG\.m2\repository\org\springframework\spring-expression\4.3.8.RELEASE\spring-expression-4.3.8.RELEASE.jar;C:\Users\Administrator.PC-20180417ZXVG\.m2\repository\io\springfox\springfox-swagger-ui\2.6.1\springfox-swagger-ui-2.6.1.jar;C:\Users\Administrator.PC-20180417ZXVG\.m2\repository\io\springfox\springfox-spring-web\2.6.1\springfox-spring-web-2.6.1.jar;C:\Users\Administrator.PC-20180417ZXVG\.m2\repository\org\springframework\boot\spring-boot-starter-test\1.5.3.RELEASE\spring-boot-starter-test-1.5.3.RELEASE.jar;C:\Users\Administrator.PC-20180417ZXVG\.m2\repository\org\springframework\boot\spring-boot-test\1.5.3.RELEASE\spring-boot-test-1.5.3.RELEASE.jar;C:\Users\Administrator.PC-20180417ZXVG\.m2\repository\org\springframework\boot\spring-boot-test-autoconfigure\1.5.3.RELEASE\spring-boot-test-autoconfigure-1.5.3.RELEASE.jar;C:\Users\Administrator.PC-20180417ZXVG\.m2\repository\com\jayway\jsonpath\json-path\2.2.0\json-path-2.2.0.jar;C:\Users\Administrator.PC-20180417ZXVG\.m2\repository\net\minidev\json-smart\2.2.1\json-smart-2.2.1.jar;C:\Users\Administrator.PC-20180417ZXVG\.m2\repository\net\minidev\accessors-smart\1.1\accessors-smart-1.1.jar;C:\Users\Administrator.PC-20180417ZXVG\.m2\repository\org\ow2\asm\asm\5.0.3\asm-5.0.3.jar;C:\Users\Administrator.PC-20180417ZXVG\.m2\repository\junit\junit\4.12\junit-4.12.jar;C:\Users\Administrator.PC-20180417ZXVG\.m2\repository\org\assertj\assertj-core\2.6.0\assertj-core-2.6.0.jar;C:\Users\Administrator.PC-20180417ZXVG\.m2\repository\org\mockito\mockito-core\1.10.19\mockito-core-1.10.19.jar;C:\Users\Administrator.PC-20180417ZXVG\.m2\repository\org\objenesis\objenesis\2.1\objenesis-2.1.jar;C:\Users\Administrator.PC-20180417ZXVG\.m2\repository\org\hamcrest\hamcrest-core\1.3\hamcrest-core-1.3.jar;C:\Users\Administrator.PC-20180417ZXVG\.m2\repository\org\hamcrest\hamcrest-library\1.3\hamcrest-library-1.3.jar;C:\Users\Administrator.PC-20180417ZXVG\.m2\repository\org\skyscreamer\jsonassert\1.4.0\jsonassert-1.4.0.jar;C:\Users\Administrator.PC-20180417ZXVG\.m2\repository\com\vaadin\external\google\android-json\0.0.20131108.vaadin1\android-json-0.0.20131108.vaadin1.jar;C:\Users\Administrator.PC-20180417ZXVG\.m2\repository\org\springframework\spring-core\4.3.8.RELEASE\spring-core-4.3.8.RELEASE.jar;C:\Users\Administrator.PC-20180417ZXVG\.m2\repository\org\springframework\spring-test\4.3.8.RELEASE\spring-test-4.3.8.RELEASE.jar;C:\Users\Administrator.PC-20180417ZXVG\.m2\repository\io\springfox\springfox-swagger2\2.6.1\springfox-swagger2-2.6.1.jar;C:\Users\Administrator.PC-20180417ZXVG\.m2\repository\io\swagger\swagger-annotations\1.5.10\swagger-annotations-1.5.10.jar;C:\Users\Administrator.PC-20180417ZXVG\.m2\repository\io\swagger\swagger-models\1.5.10\swagger-models-1.5.10.jar;C:\Users\Administrator.PC-20180417ZXVG\.m2\repository\io\springfox\springfox-spi\2.6.1\springfox-spi-2.6.1.jar;C:\Users\Administrator.PC-20180417ZXVG\.m2\repository\io\springfox\springfox-core\2.6.1\springfox-core-2.6.1.jar;C:\Users\Administrator.PC-20180417ZXVG\.m2\repository\io\springfox\springfox-schema\2.6.1\springfox-schema-2.6.1.jar;C:\Users\Administrator.PC-20180417ZXVG\.m2\repository\io\springfox\springfox-swagger-common\2.6.1\springfox-swagger-common-2.6.1.jar;C:\Users\Administrator.PC-20180417ZXVG\.m2\repository\com\google\guava\guava\18.0\guava-18.0.jar;C:\Users\Administrator.PC-20180417ZXVG\.m2\repository\com\fasterxml\classmate\1.3.3\classmate-1.3.3.jar;C:\Users\Administrator.PC-20180417ZXVG\.m2\repository\org\slf4j\slf4j-api\1.7.25\slf4j-api-1.7.25.jar;C:\Users\Administrator.PC-20180417ZXVG\.m2\repository\org\springframework\plugin\spring-plugin-core\1.2.0.RELEASE\spring-plugin-core-1.2.0.RELEASE.jar;C:\Users\Administrator.PC-20180417ZXVG\.m2\repository\org\springframework\plugin\spring-plugin-metadata\1.2.0.RELEASE\spring-plugin-metadata-1.2.0.RELEASE.jar;C:\Users\Administrator.PC-20180417ZXVG\.m2\repository\org\mapstruct\mapstruct\1.0.0.Final\mapstruct-1.0.0.Final.jar;C:\Users\Administrator.PC-20180417ZXVG\.m2\repository\org\projectlombok\lombok\1.16.14\lombok-1.16.14.jar;C:\Users\Administrator.PC-20180417ZXVG\.m2\repository\com\alibaba\fastjson\1.2.38\fastjson-1.2.38.jar;C:\Users\Administrator.PC-20180417ZXVG\.m2\repository\mysql\mysql-connector-java\5.1.41\mysql-connector-java-5.1.41.jar;C:\Users\Administrator.PC-20180417ZXVG\.m2\repository\org\mybatis\spring\boot\mybatis-spring-boot-starter\1.3.0\mybatis-spring-boot-starter-1.3.0.jar;C:\Users\Administrator.PC-20180417ZXVG\.m2\repository\org\springframework\boot\spring-boot-starter-jdbc\1.5.3.RELEASE\spring-boot-starter-jdbc-1.5.3.RELEASE.jar;C:\Users\Administrator.PC-20180417ZXVG\.m2\repository\org\apache\tomcat\tomcat-jdbc\8.5.14\tomcat-jdbc-8.5.14.jar;C:\Users\Administrator.PC-20180417ZXVG\.m2\repository\org\apache\tomcat\tomcat-juli\8.5.14\tomcat-juli-8.5.14.jar;C:\Users\Administrator.PC-20180417ZXVG\.m2\repository\org\springframework\spring-jdbc\4.3.8.RELEASE\spring-jdbc-4.3.8.RELEASE.jar;C:\Users\Administrator.PC-20180417ZXVG\.m2\repository\org\springframework\spring-tx\4.3.8.RELEASE\spring-tx-4.3.8.RELEASE.jar;C:\Users\Administrator.PC-20180417ZXVG\.m2\repository\org\mybatis\spring\boot\mybatis-spring-boot-autoconfigure\1.3.0\mybatis-spring-boot-autoconfigure-1.3.0.jar;C:\Users\Administrator.PC-20180417ZXVG\.m2\repository\org\mybatis\mybatis\3.4.4\mybatis-3.4.4.jar;C:\Users\Administrator.PC-20180417ZXVG\.m2\repository\org\mybatis\mybatis-spring\1.3.1\mybatis-spring-1.3.1.jar;C:\Users\Administrator.PC-20180417ZXVG\.m2\repository\org\testng\testng\6.10\testng-6.10.jar;C:\Users\Administrator.PC-20180417ZXVG\.m2\repository\com\beust\jcommander\1.48\jcommander-1.48.jar;C:\Users\Administrator.PC-20180417ZXVG\.m2\repository\org\json\json\20170516\json-20170516.jar;C:\Users\Administrator.PC-20180417ZXVG\.m2\repository\com\relevantcodes\extentreports\2.41.1\extentreports-2.41.1.jar;C:\Users\Administrator.PC-20180417ZXVG\.m2\repository\org\jsoup\jsoup\1.8.3\jsoup-1.8.3.jar;C:\Users\Administrator.PC-20180417ZXVG\.m2\repository\org\xerial\sqlite-jdbc\3.15.1\sqlite-jdbc-3.15.1.jar;C:\Users\Administrator.PC-20180417ZXVG\.m2\repository\org\freemarker\freemarker\2.3.26-incubating\freemarker-2.3.26-incubating.jar;C:\Users\Administrator.PC-20180417ZXVG\.m2\repository\org\mongodb\mongodb-driver\3.4.2\mongodb-driver-3.4.2.jar;C:\Users\Administrator.PC-20180417ZXVG\.m2\repository\org\mongodb\bson\3.4.2\bson-3.4.2.jar;C:\Users\Administrator.PC-20180417ZXVG\.m2\repository\org\mongodb\mongodb-driver-core\3.4.2\mongodb-driver-core-3.4.2.jar;C:\Users\Administrator.PC-20180417ZXVG\.m2\repository\com\vimalselvam\testng-extentsreport\1.3.1\testng-extentsreport-1.3.1.jar;C:\Users\Administrator.PC-20180417ZXVG\.m2\repository\com\aventstack\extentreports\3.0.6\extentreports-3.0.6.jar;C:\Users\Administrator.PC-20180417ZXVG\.m2\repository\org\apache\httpcomponents\httpmime\4.5.3\httpmime-4.5.3.jar;C:\Users\Administrator.PC-20180417ZXVG\.m2\repository\org\apache\httpcomponents\httpclient\4.5.3\httpclient-4.5.3.jar;C:\Users\Administrator.PC-20180417ZXVG\.m2\repository\org\apache\httpcomponents\httpcore\4.4.6\httpcore-4.4.6.jar;C:\Users\Administrator.PC-20180417ZXVG\.m2\repository\commons-codec\commons-codec\1.10\commons-codec-1.10.jar;"/>
    <property name="java.specification.name" value="Java Platform API Specification"/>
    <property name="java.class.version" value="52.0"/>
    <property name="sun.management.compiler" value="HotSpot 64-Bit Tiered Compilers"/>
    <property name="os.version" value="6.1"/>
    <property name="LOG_FILE" value="mylog.log"/>
    <property name="user.home" value="C:\Users\Administrator.PC-20180417ZXVG"/>
    <property name="user.timezone" value="Asia/Shanghai"/>
    <property name="java.awt.printerjob" value="sun.awt.windows.WPrinterJob"/>
    <property name="java.specification.version" value="1.8"/>
    <property name="file.encoding" value="GBK"/>
    <property name="user.name" value="Administrator"/>
    <property name="java.class.path" value="D:\springTestApi\TestT\target\test-classes;D:\springTestApi\TestT\target\classes;C:\Users\Administrator.PC-20180417ZXVG\.m2\repository\org\springframework\boot\spring-boot-starter-web\1.5.3.RELEASE\spring-boot-starter-web-1.5.3.RELEASE.jar;C:\Users\Administrator.PC-20180417ZXVG\.m2\repository\org\springframework\boot\spring-boot-starter\1.5.3.RELEASE\spring-boot-starter-1.5.3.RELEASE.jar;C:\Users\Administrator.PC-20180417ZXVG\.m2\repository\org\springframework\boot\spring-boot\1.5.3.RELEASE\spring-boot-1.5.3.RELEASE.jar;C:\Users\Administrator.PC-20180417ZXVG\.m2\repository\org\springframework\boot\spring-boot-autoconfigure\1.5.3.RELEASE\spring-boot-autoconfigure-1.5.3.RELEASE.jar;C:\Users\Administrator.PC-20180417ZXVG\.m2\repository\org\springframework\boot\spring-boot-starter-logging\1.5.3.RELEASE\spring-boot-starter-logging-1.5.3.RELEASE.jar;C:\Users\Administrator.PC-20180417ZXVG\.m2\repository\ch\qos\logback\logback-classic\1.1.11\logback-classic-1.1.11.jar;C:\Users\Administrator.PC-20180417ZXVG\.m2\repository\ch\qos\logback\logback-core\1.1.11\logback-core-1.1.11.jar;C:\Users\Administrator.PC-20180417ZXVG\.m2\repository\org\slf4j\jcl-over-slf4j\1.7.25\jcl-over-slf4j-1.7.25.jar;C:\Users\Administrator.PC-20180417ZXVG\.m2\repository\org\slf4j\jul-to-slf4j\1.7.25\jul-to-slf4j-1.7.25.jar;C:\Users\Administrator.PC-20180417ZXVG\.m2\repository\org\slf4j\log4j-over-slf4j\1.7.25\log4j-over-slf4j-1.7.25.jar;C:\Users\Administrator.PC-20180417ZXVG\.m2\repository\org\yaml\snakeyaml\1.17\snakeyaml-1.17.jar;C:\Users\Administrator.PC-20180417ZXVG\.m2\repository\org\springframework\boot\spring-boot-starter-tomcat\1.5.3.RELEASE\spring-boot-starter-tomcat-1.5.3.RELEASE.jar;C:\Users\Administrator.PC-20180417ZXVG\.m2\repository\org\apache\tomcat\embed\tomcat-embed-core\8.5.14\tomcat-embed-core-8.5.14.jar;C:\Users\Administrator.PC-20180417ZXVG\.m2\repository\org\apache\tomcat\embed\tomcat-embed-el\8.5.14\tomcat-embed-el-8.5.14.jar;C:\Users\Administrator.PC-20180417ZXVG\.m2\repository\org\apache\tomcat\embed\tomcat-embed-websocket\8.5.14\tomcat-embed-websocket-8.5.14.jar;C:\Users\Administrator.PC-20180417ZXVG\.m2\repository\org\hibernate\hibernate-validator\5.3.5.Final\hibernate-validator-5.3.5.Final.jar;C:\Users\Administrator.PC-20180417ZXVG\.m2\repository\javax\validation\validation-api\1.1.0.Final\validation-api-1.1.0.Final.jar;C:\Users\Administrator.PC-20180417ZXVG\.m2\repository\org\jboss\logging\jboss-logging\3.3.1.Final\jboss-logging-3.3.1.Final.jar;C:\Users\Administrator.PC-20180417ZXVG\.m2\repository\com\fasterxml\jackson\core\jackson-databind\2.8.8\jackson-databind-2.8.8.jar;C:\Users\Administrator.PC-20180417ZXVG\.m2\repository\com\fasterxml\jackson\core\jackson-annotations\2.8.0\jackson-annotations-2.8.0.jar;C:\Users\Administrator.PC-20180417ZXVG\.m2\repository\com\fasterxml\jackson\core\jackson-core\2.8.8\jackson-core-2.8.8.jar;C:\Users\Administrator.PC-20180417ZXVG\.m2\repository\org\springframework\spring-web\4.3.8.RELEASE\spring-web-4.3.8.RELEASE.jar;C:\Users\Administrator.PC-20180417ZXVG\.m2\repository\org\springframework\spring-aop\4.3.8.RELEASE\spring-aop-4.3.8.RELEASE.jar;C:\Users\Administrator.PC-20180417ZXVG\.m2\repository\org\springframework\spring-beans\4.3.8.RELEASE\spring-beans-4.3.8.RELEASE.jar;C:\Users\Administrator.PC-20180417ZXVG\.m2\repository\org\springframework\spring-context\4.3.8.RELEASE\spring-context-4.3.8.RELEASE.jar;C:\Users\Administrator.PC-20180417ZXVG\.m2\repository\org\springframework\spring-webmvc\4.3.8.RELEASE\spring-webmvc-4.3.8.RELEASE.jar;C:\Users\Administrator.PC-20180417ZXVG\.m2\repository\org\springframework\spring-expression\4.3.8.RELEASE\spring-expression-4.3.8.RELEASE.jar;C:\Users\Administrator.PC-20180417ZXVG\.m2\repository\io\springfox\springfox-swagger-ui\2.6.1\springfox-swagger-ui-2.6.1.jar;C:\Users\Administrator.PC-20180417ZXVG\.m2\repository\io\springfox\springfox-spring-web\2.6.1\springfox-spring-web-2.6.1.jar;C:\Users\Administrator.PC-20180417ZXVG\.m2\repository\org\springframework\boot\spring-boot-starter-test\1.5.3.RELEASE\spring-boot-starter-test-1.5.3.RELEASE.jar;C:\Users\Administrator.PC-20180417ZXVG\.m2\repository\org\springframework\boot\spring-boot-test\1.5.3.RELEASE\spring-boot-test-1.5.3.RELEASE.jar;C:\Users\Administrator.PC-20180417ZXVG\.m2\repository\org\springframework\boot\spring-boot-test-autoconfigure\1.5.3.RELEASE\spring-boot-test-autoconfigure-1.5.3.RELEASE.jar;C:\Users\Administrator.PC-20180417ZXVG\.m2\repository\com\jayway\jsonpath\json-path\2.2.0\json-path-2.2.0.jar;C:\Users\Administrator.PC-20180417ZXVG\.m2\repository\net\minidev\json-smart\2.2.1\json-smart-2.2.1.jar;C:\Users\Administrator.PC-20180417ZXVG\.m2\repository\net\minidev\accessors-smart\1.1\accessors-smart-1.1.jar;C:\Users\Administrator.PC-20180417ZXVG\.m2\repository\org\ow2\asm\asm\5.0.3\asm-5.0.3.jar;C:\Users\Administrator.PC-20180417ZXVG\.m2\repository\junit\junit\4.12\junit-4.12.jar;C:\Users\Administrator.PC-20180417ZXVG\.m2\repository\org\assertj\assertj-core\2.6.0\assertj-core-2.6.0.jar;C:\Users\Administrator.PC-20180417ZXVG\.m2\repository\org\mockito\mockito-core\1.10.19\mockito-core-1.10.19.jar;C:\Users\Administrator.PC-20180417ZXVG\.m2\repository\org\objenesis\objenesis\2.1\objenesis-2.1.jar;C:\Users\Administrator.PC-20180417ZXVG\.m2\repository\org\hamcrest\hamcrest-core\1.3\hamcrest-core-1.3.jar;C:\Users\Administrator.PC-20180417ZXVG\.m2\repository\org\hamcrest\hamcrest-library\1.3\hamcrest-library-1.3.jar;C:\Users\Administrator.PC-20180417ZXVG\.m2\repository\org\skyscreamer\jsonassert\1.4.0\jsonassert-1.4.0.jar;C:\Users\Administrator.PC-20180417ZXVG\.m2\repository\com\vaadin\external\google\android-json\0.0.20131108.vaadin1\android-json-0.0.20131108.vaadin1.jar;C:\Users\Administrator.PC-20180417ZXVG\.m2\repository\org\springframework\spring-core\4.3.8.RELEASE\spring-core-4.3.8.RELEASE.jar;C:\Users\Administrator.PC-20180417ZXVG\.m2\repository\org\springframework\spring-test\4.3.8.RELEASE\spring-test-4.3.8.RELEASE.jar;C:\Users\Administrator.PC-20180417ZXVG\.m2\repository\io\springfox\springfox-swagger2\2.6.1\springfox-swagger2-2.6.1.jar;C:\Users\Administrator.PC-20180417ZXVG\.m2\repository\io\swagger\swagger-annotations\1.5.10\swagger-annotations-1.5.10.jar;C:\Users\Administrator.PC-20180417ZXVG\.m2\repository\io\swagger\swagger-models\1.5.10\swagger-models-1.5.10.jar;C:\Users\Administrator.PC-20180417ZXVG\.m2\repository\io\springfox\springfox-spi\2.6.1\springfox-spi-2.6.1.jar;C:\Users\Administrator.PC-20180417ZXVG\.m2\repository\io\springfox\springfox-core\2.6.1\springfox-core-2.6.1.jar;C:\Users\Administrator.PC-20180417ZXVG\.m2\repository\io\springfox\springfox-schema\2.6.1\springfox-schema-2.6.1.jar;C:\Users\Administrator.PC-20180417ZXVG\.m2\repository\io\springfox\springfox-swagger-common\2.6.1\springfox-swagger-common-2.6.1.jar;C:\Users\Administrator.PC-20180417ZXVG\.m2\repository\com\google\guava\guava\18.0\guava-18.0.jar;C:\Users\Administrator.PC-20180417ZXVG\.m2\repository\com\fasterxml\classmate\1.3.3\classmate-1.3.3.jar;C:\Users\Administrator.PC-20180417ZXVG\.m2\repository\org\slf4j\slf4j-api\1.7.25\slf4j-api-1.7.25.jar;C:\Users\Administrator.PC-20180417ZXVG\.m2\repository\org\springframework\plugin\spring-plugin-core\1.2.0.RELEASE\spring-plugin-core-1.2.0.RELEASE.jar;C:\Users\Administrator.PC-20180417ZXVG\.m2\repository\org\springframework\plugin\spring-plugin-metadata\1.2.0.RELEASE\spring-plugin-metadata-1.2.0.RELEASE.jar;C:\Users\Administrator.PC-20180417ZXVG\.m2\repository\org\mapstruct\mapstruct\1.0.0.Final\mapstruct-1.0.0.Final.jar;C:\Users\Administrator.PC-20180417ZXVG\.m2\repository\org\projectlombok\lombok\1.16.14\lombok-1.16.14.jar;C:\Users\Administrator.PC-20180417ZXVG\.m2\repository\com\alibaba\fastjson\1.2.38\fastjson-1.2.38.jar;C:\Users\Administrator.PC-20180417ZXVG\.m2\repository\mysql\mysql-connector-java\5.1.41\mysql-connector-java-5.1.41.jar;C:\Users\Administrator.PC-20180417ZXVG\.m2\repository\org\mybatis\spring\boot\mybatis-spring-boot-starter\1.3.0\mybatis-spring-boot-starter-1.3.0.jar;C:\Users\Administrator.PC-20180417ZXVG\.m2\repository\org\springframework\boot\spring-boot-starter-jdbc\1.5.3.RELEASE\spring-boot-starter-jdbc-1.5.3.RELEASE.jar;C:\Users\Administrator.PC-20180417ZXVG\.m2\repository\org\apache\tomcat\tomcat-jdbc\8.5.14\tomcat-jdbc-8.5.14.jar;C:\Users\Administrator.PC-20180417ZXVG\.m2\repository\org\apache\tomcat\tomcat-juli\8.5.14\tomcat-juli-8.5.14.jar;C:\Users\Administrator.PC-20180417ZXVG\.m2\repository\org\springframework\spring-jdbc\4.3.8.RELEASE\spring-jdbc-4.3.8.RELEASE.jar;C:\Users\Administrator.PC-20180417ZXVG\.m2\repository\org\springframework\spring-tx\4.3.8.RELEASE\spring-tx-4.3.8.RELEASE.jar;C:\Users\Administrator.PC-20180417ZXVG\.m2\repository\org\mybatis\spring\boot\mybatis-spring-boot-autoconfigure\1.3.0\mybatis-spring-boot-autoconfigure-1.3.0.jar;C:\Users\Administrator.PC-20180417ZXVG\.m2\repository\org\mybatis\mybatis\3.4.4\mybatis-3.4.4.jar;C:\Users\Administrator.PC-20180417ZXVG\.m2\repository\org\mybatis\mybatis-spring\1.3.1\mybatis-spring-1.3.1.jar;C:\Users\Administrator.PC-20180417ZXVG\.m2\repository\org\testng\testng\6.10\testng-6.10.jar;C:\Users\Administrator.PC-20180417ZXVG\.m2\repository\com\beust\jcommander\1.48\jcommander-1.48.jar;C:\Users\Administrator.PC-20180417ZXVG\.m2\repository\org\json\json\20170516\json-20170516.jar;C:\Users\Administrator.PC-20180417ZXVG\.m2\repository\com\relevantcodes\extentreports\2.41.1\extentreports-2.41.1.jar;C:\Users\Administrator.PC-20180417ZXVG\.m2\repository\org\jsoup\jsoup\1.8.3\jsoup-1.8.3.jar;C:\Users\Administrator.PC-20180417ZXVG\.m2\repository\org\xerial\sqlite-jdbc\3.15.1\sqlite-jdbc-3.15.1.jar;C:\Users\Administrator.PC-20180417ZXVG\.m2\repository\org\freemarker\freemarker\2.3.26-incubating\freemarker-2.3.26-incubating.jar;C:\Users\Administrator.PC-20180417ZXVG\.m2\repository\org\mongodb\mongodb-driver\3.4.2\mongodb-driver-3.4.2.jar;C:\Users\Administrator.PC-20180417ZXVG\.m2\repository\org\mongodb\bson\3.4.2\bson-3.4.2.jar;C:\Users\Administrator.PC-20180417ZXVG\.m2\repository\org\mongodb\mongodb-driver-core\3.4.2\mongodb-driver-core-3.4.2.jar;C:\Users\Administrator.PC-20180417ZXVG\.m2\repository\com\vimalselvam\testng-extentsreport\1.3.1\testng-extentsreport-1.3.1.jar;C:\Users\Administrator.PC-20180417ZXVG\.m2\repository\com\aventstack\extentreports\3.0.6\extentreports-3.0.6.jar;C:\Users\Administrator.PC-20180417ZXVG\.m2\repository\org\apache\httpcomponents\httpmime\4.5.3\httpmime-4.5.3.jar;C:\Users\Administrator.PC-20180417ZXVG\.m2\repository\org\apache\httpcomponents\httpclient\4.5.3\httpclient-4.5.3.jar;C:\Users\Administrator.PC-20180417ZXVG\.m2\repository\org\apache\httpcomponents\httpcore\4.4.6\httpcore-4.4.6.jar;C:\Users\Administrator.PC-20180417ZXVG\.m2\repository\commons-codec\commons-codec\1.10\commons-codec-1.10.jar;"/>
    <property name="java.vm.specification.version" value="1.8"/>
    <property name="sun.arch.data.model" value="64"/>
    <property name="java.home" value="C:\Program Files\Java\jdk1.8.0_162\jre"/>
    <property name="sun.java.command" value="D:\springTestApi\TestT\target\surefire\surefirebooter1394707501632904864.jar D:\springTestApi\TestT\target\surefire\surefire462421489148457581tmp D:\springTestApi\TestT\target\surefire\surefire1727111301051665615tmp"/>
    <property name="java.specification.vendor" value="Oracle Corporation"/>
    <property name="user.language" value="zh"/>
    <property name="awt.toolkit" value="sun.awt.windows.WToolkit"/>
    <property name="java.vm.info" value="mixed mode"/>
    <property name="java.version" value="1.8.0_162"/>
    <property name="java.ext.dirs" value="C:\Program Files\Java\jdk1.8.0_162\jre\lib\ext;C:\windows\Sun\Java\lib\ext"/>
    <property name="sun.boot.class.path" value="C:\Program Files\Java\jdk1.8.0_162\jre\lib\resources.jar;C:\Program Files\Java\jdk1.8.0_162\jre\lib\rt.jar;C:\Program Files\Java\jdk1.8.0_162\jre\lib\sunrsasign.jar;C:\Program Files\Java\jdk1.8.0_162\jre\lib\jsse.jar;C:\Program Files\Java\jdk1.8.0_162\jre\lib\jce.jar;C:\Program Files\Java\jdk1.8.0_162\jre\lib\charsets.jar;C:\Program Files\Java\jdk1.8.0_162\jre\lib\jfr.jar;C:\Program Files\Java\jdk1.8.0_162\jre\classes"/>
    <property name="java.vendor" value="Oracle Corporation"/>
    <property name="java.awt.headless" value="true"/>
    <property name="localRepository" value="C:\Users\Administrator.PC-20180417ZXVG\.m2\repository"/>
    <property name="file.separator" value="\"/>
    <property name="java.vendor.url.bug" value="http://bugreport.sun.com/bugreport/"/>
    <property name="sun.cpu.endian" value="little"/>
    <property name="sun.io.unicode.encoding" value="UnicodeLittle"/>
    <property name="LOG_PATH" value="logs"/>
    <property name="sun.desktop" value="windows"/>
    <property name="sun.cpu.isalist" value="amd64"/>
  </properties>
  <testcase classname="com.xdl.cases.TestUserController" name="test1" time="0.003"/>
  <testcase classname="com.xdl.cases.TestUserController" name="loginTrueTest" time="1.171"/>
  <testcase classname="com.xdl.cases.TestUserController" name="loginFalseTest" time="0.016"/>
  <testcase classname="com.xdl.cases.TestUserController" name="addUserTest" time="0.246"/>
</testsuite>