<?xml version="1.0" encoding="UTF-8"?>
<!-- Generated by org.testng.reporters.JUnitReportReporter -->
<testsuite name="com.xdl.cases.TestUserController" tests="2" time="1.102" ignored="2" failures="0" timestamp="03 八月 2018 12:08:16 GMT" skipped="0" hostname="PC-20180417ZXVG" errors="0">
  <testcase name="addUserTest" time="0.257" classname="com.xdl.cases.TestUserController"/>
  <testcase name="loginTrueTest" time="0.845" classname="com.xdl.cases.TestUserController"/>
  <testcase name="loginFalseTest" classname="com.xdl.cases.TestUserController">
    <skipped/>
  </testcase> <!-- loginFalseTest -->
  <testcase name="test1" classname="com.xdl.cases.TestUserController">
    <skipped/>
  </testcase> <!-- test1 -->
</testsuite> <!-- com.xdl.cases.TestUserController -->
