<?xml version="1.0" encoding="UTF-8"?>
<!-- Generated by org.testng.reporters.JUnitReportReporter -->
<testsuite name="com.xdl.cases.TestUserController" tests="4" time="1.446" ignored="0" failures="0" timestamp="03 八月 2018 12:11:42 GMT" skipped="0" hostname="PC-20180417ZXVG" errors="0">
  <testcase name="loginTrueTest" time="1.173" classname="com.xdl.cases.TestUserController"/>
  <testcase name="test1" time="0.006" classname="com.xdl.cases.TestUserController"/>
  <testcase name="loginFalseTest" time="0.018" classname="com.xdl.cases.TestUserController"/>
  <testcase name="addUserTest" time="0.249" classname="com.xdl.cases.TestUserController"/>
</testsuite> <!-- com.xdl.cases.TestUserController -->
